#
# There is insufficient memory for the Java Runtime Environment to continue.
# Native memory allocation (mmap) failed to map 22020096 bytes for G1 virtual space
# Possible reasons:
#   The system is out of physical RAM or swap space
#   The process is running with CompressedOops enabled, and the Java Heap may be blocking the growth of the native heap
# Possible solutions:
#   Reduce memory load on the system
#   Increase physical memory or swap space
#   Check if swap backing store is full
#   Decrease Java heap size (-Xmx/-Xms)
#   Decrease number of Java threads
#   Decrease Java thread stack sizes (-Xss)
#   Set larger code cache with -XX:ReservedCodeCacheSize=
#   JVM is running with Unscaled Compressed Oops mode in which the Java heap is
#     placed in the first 4GB address space. The Java Heap base address is the
#     maximum limit for the native heap growth. Please use -XX:HeapBaseMinAddress
#     to set the Java Heap base and to place the Java Heap above 4GB virtual address.
# This output file may be truncated or incomplete.
#
#  Out of Memory Error (os_windows.cpp:3771), pid=9912, tid=6524
#
# JRE version: OpenJDK Runtime Environment (17.0.7) (build 17.0.7+0-b2043.56-10550314)
# Java VM: OpenJDK 64-Bit Server VM (17.0.7+0-b2043.56-10550314, mixed mode, tiered, compressed oops, compressed class ptrs, g1 gc, windows-amd64)
# No core dump will be written. Minidumps are not enabled by default on client versions of Windows
#

---------------  S U M M A R Y ------------

Command Line: --add-opens=java.base/java.util=ALL-UNNAMED --add-opens=java.base/java.lang=ALL-UNNAMED --add-opens=java.base/java.lang.invoke=ALL-UNNAMED --add-opens=java.prefs/java.util.prefs=ALL-UNNAMED --add-opens=java.base/java.nio.charset=ALL-UNNAMED --add-opens=java.base/java.net=ALL-UNNAMED --add-opens=java.base/java.util.concurrent.atomic=ALL-UNNAMED -Xmx2048m -Dfile.encoding=UTF-8 -Duser.country=ID -Duser.language=en -Duser.variant -javaagent:C:\Users\daffa\.gradle\wrapper\dists\gradle-8.2-bin\bbg7u40eoinfdyxsxr3z4i7ta\gradle-8.2\lib\agents\gradle-instrumentation-agent-8.2.jar org.gradle.launcher.daemon.bootstrap.GradleDaemon 8.2

Host: AMD Ryzen 5 5625U with Radeon Graphics         , 12 cores, 3G,  Windows 11 , 64 bit Build 22621 (10.0.22621.3085)
Time: Wed Feb 21 09:18:34 2024 SE Asia Standard Time elapsed time: 5.907836 seconds (0d 0h 0m 5s)

---------------  T H R E A D  ---------------

Current thread (0x000001e2c8666e10):  VMThread "VM Thread" [stack: 0x0000006300f00000,0x0000006301000000] [id=6524]

Stack: [0x0000006300f00000,0x0000006301000000]
Native frames: (J=compiled Java code, j=interpreted, Vv=VM code, C=native code)
V  [jvm.dll+0x683bfa]
V  [jvm.dll+0x8430a4]
V  [jvm.dll+0x8449be]
V  [jvm.dll+0x845023]
V  [jvm.dll+0x24ad2f]
V  [jvm.dll+0x680ac9]
V  [jvm.dll+0x67519a]
V  [jvm.dll+0x30b3cb]
V  [jvm.dll+0x312876]
V  [jvm.dll+0x36221e]
V  [jvm.dll+0x36244f]
V  [jvm.dll+0x2e14a8]
V  [jvm.dll+0x2e4596]
V  [jvm.dll+0x2eed58]
V  [jvm.dll+0x323a40]
V  [jvm.dll+0x8496eb]
V  [jvm.dll+0x84a424]
V  [jvm.dll+0x84a93d]
V  [jvm.dll+0x84ad14]
V  [jvm.dll+0x84ade0]
V  [jvm.dll+0x7f2aea]
V  [jvm.dll+0x682a35]
C  [ucrtbase.dll+0x29363]
C  [KERNEL32.DLL+0x1257d]
C  [ntdll.dll+0x5aa58]

VM_Operation (0x0000006300bff8c0): G1Concurrent, mode: safepoint, requested by thread 0x000001e2ae2fc1a0


---------------  P R O C E S S  ---------------

Threads class SMR info:
_java_thread_list=0x000001e2cf9e30f0, length=39, elements={
0x000001e2ae291110, 0x000001e2c80e5240, 0x000001e2c80e5fc0, 0x000001e2c86adb60,
0x000001e2c8692dd0, 0x000001e2c86a37b0, 0x000001e2c86a8080, 0x000001e2c86b6d10,
0x000001e2c86bf620, 0x000001e2c86c1f30, 0x000001e2c8081630, 0x000001e2c89b9420,
0x000001e2ce354070, 0x000001e2ce6712f0, 0x000001e2ce8fb5d0, 0x000001e2ce8c1170,
0x000001e2ce8c1640, 0x000001e2ce983f20, 0x000001e2ce998ed0, 0x000001e2ce99f030,
0x000001e2ce9a5f40, 0x000001e2cd0a27c0, 0x000001e2cd0a0ae0, 0x000001e2cd09ee00,
0x000001e2cd0a0140, 0x000001e2cd09f2d0, 0x000001e2cd0a1480, 0x000001e2cd09f7a0,
0x000001e2cd0a0fb0, 0x000001e2cd0a1950, 0x000001e2cd09fc70, 0x000001e2cfcf0220,
0x000001e2cfceea10, 0x000001e2cfce9840, 0x000001e2cfceab80, 0x000001e2cfcf06f0,
0x000001e2cfce8ea0, 0x000001e2cfcef3b0, 0x000001e2cfcef880
}

Java Threads: ( => current thread )
  0x000001e2ae291110 JavaThread "main" [_thread_blocked, id=14276, stack(0x0000006300900000,0x0000006300a00000)]
  0x000001e2c80e5240 JavaThread "Reference Handler" daemon [_thread_blocked, id=7948, stack(0x0000006301000000,0x0000006301100000)]
  0x000001e2c80e5fc0 JavaThread "Finalizer" daemon [_thread_blocked, id=17928, stack(0x0000006301100000,0x0000006301200000)]
  0x000001e2c86adb60 JavaThread "Signal Dispatcher" daemon [_thread_blocked, id=18644, stack(0x0000006301200000,0x0000006301300000)]
  0x000001e2c8692dd0 JavaThread "Attach Listener" daemon [_thread_blocked, id=1004, stack(0x0000006301300000,0x0000006301400000)]
  0x000001e2c86a37b0 JavaThread "Service Thread" daemon [_thread_blocked, id=21648, stack(0x0000006301400000,0x0000006301500000)]
  0x000001e2c86a8080 JavaThread "Monitor Deflation Thread" daemon [_thread_blocked, id=12736, stack(0x0000006301500000,0x0000006301600000)]
  0x000001e2c86b6d10 JavaThread "C2 CompilerThread0" daemon [_thread_blocked, id=17800, stack(0x0000006301600000,0x0000006301700000)]
  0x000001e2c86bf620 JavaThread "C1 CompilerThread0" daemon [_thread_blocked, id=7924, stack(0x0000006301700000,0x0000006301800000)]
  0x000001e2c86c1f30 JavaThread "Sweeper thread" daemon [_thread_blocked, id=20760, stack(0x0000006301800000,0x0000006301900000)]
  0x000001e2c8081630 JavaThread "Common-Cleaner" daemon [_thread_blocked, id=16480, stack(0x0000006301900000,0x0000006301a00000)]
  0x000001e2c89b9420 JavaThread "Notification Thread" daemon [_thread_blocked, id=22676, stack(0x0000006301a00000,0x0000006301b00000)]
  0x000001e2ce354070 JavaThread "Daemon health stats" [_thread_blocked, id=20528, stack(0x0000006302000000,0x0000006302100000)]
  0x000001e2ce6712f0 JavaThread "Incoming local TCP Connector on port 55860" [_thread_in_native, id=4640, stack(0x0000006302100000,0x0000006302200000)]
  0x000001e2ce8fb5d0 JavaThread "Daemon periodic checks" [_thread_blocked, id=23256, stack(0x0000006302200000,0x0000006302300000)]
  0x000001e2ce8c1170 JavaThread "Daemon" [_thread_blocked, id=22012, stack(0x0000006302300000,0x0000006302400000)]
  0x000001e2ce8c1640 JavaThread "Handler for socket connection from /127.0.0.1:55860 to /127.0.0.1:55861" [_thread_in_native, id=18004, stack(0x0000006302400000,0x0000006302500000)]
  0x000001e2ce983f20 JavaThread "Cancel handler" [_thread_blocked, id=22532, stack(0x0000006302500000,0x0000006302600000)]
  0x000001e2ce998ed0 JavaThread "Daemon worker" [_thread_blocked, id=14100, stack(0x0000006302600000,0x0000006302700000)]
  0x000001e2ce99f030 JavaThread "Asynchronous log dispatcher for DefaultDaemonConnection: socket connection from /127.0.0.1:55860 to /127.0.0.1:55861" [_thread_blocked, id=13752, stack(0x0000006302700000,0x0000006302800000)]
  0x000001e2ce9a5f40 JavaThread "Stdin handler" [_thread_blocked, id=18052, stack(0x0000006302800000,0x0000006302900000)]
  0x000001e2cd0a27c0 JavaThread "Daemon client event forwarder" [_thread_blocked, id=11956, stack(0x0000006302e00000,0x0000006302f00000)]
  0x000001e2cd0a0ae0 JavaThread "Cache worker for journal cache (C:\Users\daffa\.gradle\caches\journal-1)" [_thread_blocked, id=20356, stack(0x0000006303100000,0x0000006303200000)]
  0x000001e2cd09ee00 JavaThread "File lock request listener" [_thread_in_native, id=20004, stack(0x0000006303200000,0x0000006303300000)]
  0x000001e2cd0a0140 JavaThread "Cache worker for file hash cache (C:\Users\daffa\.gradle\caches\8.2\fileHashes)" [_thread_blocked, id=16160, stack(0x0000006303300000,0x0000006303400000)]
  0x000001e2cd09f2d0 JavaThread "File watcher server" daemon [_thread_in_native, id=14936, stack(0x0000006303400000,0x0000006303500000)]
  0x000001e2cd0a1480 JavaThread "File watcher consumer" daemon [_thread_blocked, id=15260, stack(0x0000006303500000,0x0000006303600000)]
  0x000001e2cd09f7a0 JavaThread "jar transforms" [_thread_blocked, id=17872, stack(0x0000006303600000,0x0000006303700000)]
  0x000001e2cd0a0fb0 JavaThread "jar transforms Thread 2" [_thread_blocked, id=3300, stack(0x0000006303700000,0x0000006303800000)]
  0x000001e2cd0a1950 JavaThread "jar transforms Thread 3" [_thread_blocked, id=6616, stack(0x0000006303800000,0x0000006303900000)]
  0x000001e2cd09fc70 JavaThread "jar transforms Thread 4" [_thread_blocked, id=11876, stack(0x0000006303900000,0x0000006303a00000)]
  0x000001e2cfcf0220 JavaThread "jar transforms Thread 5" [_thread_blocked, id=20456, stack(0x0000006303a00000,0x0000006303b00000)]
  0x000001e2cfceea10 JavaThread "jar transforms Thread 6" [_thread_blocked, id=21308, stack(0x0000006303b00000,0x0000006303c00000)]
  0x000001e2cfce9840 JavaThread "jar transforms Thread 7" [_thread_blocked, id=19080, stack(0x0000006303c00000,0x0000006303d00000)]
  0x000001e2cfceab80 JavaThread "jar transforms Thread 8" [_thread_blocked, id=22880, stack(0x0000006303d00000,0x0000006303e00000)]
  0x000001e2cfcf06f0 JavaThread "jar transforms Thread 9" [_thread_blocked, id=16836, stack(0x0000006303e00000,0x0000006303f00000)]
  0x000001e2cfce8ea0 JavaThread "jar transforms Thread 10" [_thread_blocked, id=13996, stack(0x0000006303f00000,0x0000006304000000)]
  0x000001e2cfcef3b0 JavaThread "jar transforms Thread 11" [_thread_blocked, id=14252, stack(0x0000006304000000,0x0000006304100000)]
  0x000001e2cfcef880 JavaThread "jar transforms Thread 12" [_thread_blocked, id=13172, stack(0x0000006304100000,0x0000006304200000)]

Other Threads:
=>0x000001e2c8666e10 VMThread "VM Thread" [stack: 0x0000006300f00000,0x0000006301000000] [id=6524]
  0x000001e2ae316980 WatcherThread [stack: 0x0000006301b00000,0x0000006301c00000] [id=5696]
  0x000001e2ae2eb350 GCTaskThread "GC Thread#0" [stack: 0x0000006300a00000,0x0000006300b00000] [id=20816]
  0x000001e2cd0a6a90 GCTaskThread "GC Thread#1" [stack: 0x0000006301c00000,0x0000006301d00000] [id=12264]
  0x000001e2cd9d3ca0 GCTaskThread "GC Thread#2" [stack: 0x0000006301d00000,0x0000006301e00000] [id=21924]
  0x000001e2cd6f4050 GCTaskThread "GC Thread#3" [stack: 0x0000006301e00000,0x0000006301f00000] [id=12652]
  0x000001e2cdca70c0 GCTaskThread "GC Thread#4" [stack: 0x0000006301f00000,0x0000006302000000] [id=9488]
  0x000001e2ce970850 GCTaskThread "GC Thread#5" [stack: 0x0000006302900000,0x0000006302a00000] [id=1664]
  0x000001e2ce975370 GCTaskThread "GC Thread#6" [stack: 0x0000006302a00000,0x0000006302b00000] [id=2612]
  0x000001e2ce94f510 GCTaskThread "GC Thread#7" [stack: 0x0000006302b00000,0x0000006302c00000] [id=12168]
  0x000001e2ce9a6410 GCTaskThread "GC Thread#8" [stack: 0x0000006302c00000,0x0000006302d00000] [id=19072]
  0x000001e2ce971f40 GCTaskThread "GC Thread#9" [stack: 0x0000006302d00000,0x0000006302e00000] [id=10592]
  0x000001e2ae2fc1a0 ConcurrentGCThread "G1 Main Marker" [stack: 0x0000006300b00000,0x0000006300c00000] [id=20848]
  0x000001e2ae2fd6d0 ConcurrentGCThread "G1 Conc#0" [stack: 0x0000006300c00000,0x0000006300d00000] [id=2056]
  0x000001e2ce5721b0 ConcurrentGCThread "G1 Conc#1" [stack: 0x0000006302f00000,0x0000006303000000] [id=4824]
  0x000001e2ce553d70 ConcurrentGCThread "G1 Conc#2" [stack: 0x0000006303000000,0x0000006303100000] [id=7976]
  0x000001e2ae32ec90 ConcurrentGCThread "G1 Refine#0" [stack: 0x0000006300d00000,0x0000006300e00000] [id=6004]
  0x000001e2c7f46840 ConcurrentGCThread "G1 Service" [stack: 0x0000006300e00000,0x0000006300f00000] [id=932]

Threads with active compile tasks:
C2 CompilerThread0     6004 2526   !   4       java.net.URLClassLoader::findClass (47 bytes)

VM state: at safepoint (normal execution)

VM Mutex/Monitor currently owned by a thread:  ([mutex/lock_event])
[0x000001e2ae28bb80] Threads_lock - owner thread: 0x000001e2c8666e10
[0x000001e2ae28cab0] Heap_lock - owner thread: 0x000001e2ae2fc1a0

Heap address: 0x0000000080000000, size: 2048 MB, Compressed Oops mode: 32-bit

CDS archive(s) not mapped
Compressed class space mapped at: 0x0000000100000000-0x0000000140000000, reserved size: 1073741824
Narrow klass base: 0x0000000000000000, Narrow klass shift: 3, Narrow klass range: 0x140000000

GC Precious Log:
 CPUs: 12 total, 12 available
 Memory: 3424M
 Large Page Support: Disabled
 NUMA Support: Disabled
 Compressed Oops: Enabled (32-bit)
 Heap Region Size: 1M
 Heap Min Capacity: 8M
 Heap Initial Capacity: 54M
 Heap Max Capacity: 2G
 Pre-touch: Disabled
 Parallel Workers: 10
 Concurrent Workers: 3
 Concurrent Refinement Workers: 10
 Periodic GC: Disabled

Heap:
 garbage-first heap   total 55296K, used 45023K [0x0000000080000000, 0x0000000100000000)
  region size 1024K, 3 young (3072K), 2 survivors (2048K)
 Metaspace       used 29901K, committed 30208K, reserved 1114112K
  class space    used 4058K, committed 4224K, reserved 1048576K

Heap Regions: E=young(eden), S=young(survivor), O=old, HS=humongous(starts), HC=humongous(continues), CS=collection set, F=free, OA=open archive, CA=closed archive, TAMS=top-at-mark-start (previous, next)
|   0|0x0000000080000000, 0x0000000080100000, 0x0000000080100000|100%|HS|  |TAMS 0x0000000080100000, 0x0000000080000000| Complete 
|   1|0x0000000080100000, 0x0000000080200000, 0x0000000080200000|100%|HC|  |TAMS 0x0000000080200000, 0x0000000080100000| Complete 
|   2|0x0000000080200000, 0x0000000080300000, 0x0000000080300000|100%|HC|  |TAMS 0x0000000080300000, 0x0000000080200000| Complete 
|   3|0x0000000080300000, 0x0000000080400000, 0x0000000080400000|100%|HC|  |TAMS 0x0000000080400000, 0x0000000080300000| Complete 
|   4|0x0000000080400000, 0x0000000080500000, 0x0000000080500000|100%| O|  |TAMS 0x0000000080500000, 0x0000000080400000| Untracked 
|   5|0x0000000080500000, 0x0000000080600000, 0x0000000080600000|100%| O|  |TAMS 0x0000000080600000, 0x0000000080500000| Untracked 
|   6|0x0000000080600000, 0x0000000080700000, 0x0000000080700000|100%| O|  |TAMS 0x0000000080700000, 0x0000000080600000| Untracked 
|   7|0x0000000080700000, 0x0000000080800000, 0x0000000080800000|100%| O|  |TAMS 0x0000000080800000, 0x0000000080700000| Updating 
|   8|0x0000000080800000, 0x0000000080900000, 0x0000000080900000|100%| O|  |TAMS 0x0000000080900000, 0x0000000080800000| Untracked 
|   9|0x0000000080900000, 0x0000000080a00000, 0x0000000080a00000|100%| O|  |TAMS 0x0000000080a00000, 0x0000000080900000| Updating 
|  10|0x0000000080a00000, 0x0000000080b00000, 0x0000000080b00000|100%| O|  |TAMS 0x0000000080b00000, 0x0000000080a00000| Updating 
|  11|0x0000000080b00000, 0x0000000080c00000, 0x0000000080c00000|100%| O|  |TAMS 0x0000000080c00000, 0x0000000080b00000| Untracked 
|  12|0x0000000080c00000, 0x0000000080d00000, 0x0000000080d00000|100%| O|  |TAMS 0x0000000080d00000, 0x0000000080c00000| Untracked 
|  13|0x0000000080d00000, 0x0000000080e00000, 0x0000000080e00000|100%| O|  |TAMS 0x0000000080e00000, 0x0000000080d00000| Updating 
|  14|0x0000000080e00000, 0x0000000080f00000, 0x0000000080f00000|100%| O|  |TAMS 0x0000000080f00000, 0x0000000080e00000| Untracked 
|  15|0x0000000080f00000, 0x0000000081000000, 0x0000000081000000|100%| O|  |TAMS 0x0000000081000000, 0x0000000080f00000| Untracked 
|  16|0x0000000081000000, 0x0000000081100000, 0x0000000081100000|100%| O|  |TAMS 0x0000000081100000, 0x0000000081000000| Untracked 
|  17|0x0000000081100000, 0x0000000081200000, 0x0000000081200000|100%| O|  |TAMS 0x0000000081200000, 0x0000000081100000| Untracked 
|  18|0x0000000081200000, 0x0000000081300000, 0x0000000081300000|100%| O|  |TAMS 0x0000000081300000, 0x0000000081200000| Untracked 
|  19|0x0000000081300000, 0x0000000081400000, 0x0000000081400000|100%| O|  |TAMS 0x0000000081400000, 0x0000000081300000| Untracked 
|  20|0x0000000081400000, 0x0000000081500000, 0x0000000081500000|100%|HS|  |TAMS 0x0000000081500000, 0x0000000081400000| Complete 
|  21|0x0000000081500000, 0x0000000081600000, 0x0000000081600000|100%|HC|  |TAMS 0x0000000081600000, 0x0000000081500000| Complete 
|  22|0x0000000081600000, 0x0000000081700000, 0x0000000081700000|100%| O|  |TAMS 0x0000000081700000, 0x0000000081600000| Untracked 
|  23|0x0000000081700000, 0x0000000081800000, 0x0000000081800000|100%| O|  |TAMS 0x0000000081800000, 0x0000000081700000| Untracked 
|  24|0x0000000081800000, 0x0000000081900000, 0x0000000081900000|100%|HS|  |TAMS 0x0000000081900000, 0x0000000081800000| Complete 
|  25|0x0000000081900000, 0x0000000081a00000, 0x0000000081a00000|100%|HC|  |TAMS 0x0000000081a00000, 0x0000000081900000| Complete 
|  26|0x0000000081a00000, 0x0000000081b00000, 0x0000000081b00000|100%|HC|  |TAMS 0x0000000081b00000, 0x0000000081a00000| Complete 
|  27|0x0000000081b00000, 0x0000000081bf7e00, 0x0000000081c00000| 96%| O|  |TAMS 0x0000000081b94000, 0x0000000081b00000| Untracked 
|  28|0x0000000081c00000, 0x0000000081d00000, 0x0000000081d00000|100%|HS|  |TAMS 0x0000000081d00000, 0x0000000081c00000| Complete 
|  29|0x0000000081d00000, 0x0000000081e00000, 0x0000000081e00000|100%|HC|  |TAMS 0x0000000081e00000, 0x0000000081d00000| Complete 
|  30|0x0000000081e00000, 0x0000000081f00000, 0x0000000081f00000|100%|HS|  |TAMS 0x0000000081e00000, 0x0000000081e00000| Complete 
|  31|0x0000000081f00000, 0x0000000082000000, 0x0000000082000000|100%|HC|  |TAMS 0x0000000081f00000, 0x0000000081f00000| Complete 
|  32|0x0000000082000000, 0x0000000082100000, 0x0000000082100000|100%|HC|  |TAMS 0x0000000082000000, 0x0000000082000000| Complete 
|  33|0x0000000082100000, 0x0000000082200000, 0x0000000082200000|100%|HC|  |TAMS 0x0000000082100000, 0x0000000082100000| Complete 
|  34|0x0000000082200000, 0x0000000082300000, 0x0000000082300000|100%|HC|  |TAMS 0x0000000082200000, 0x0000000082200000| Complete 
|  35|0x0000000082300000, 0x0000000082400000, 0x0000000082400000|100%|HC|  |TAMS 0x0000000082300000, 0x0000000082300000| Complete 
|  36|0x0000000082400000, 0x0000000082500000, 0x0000000082500000|100%|HC|  |TAMS 0x0000000082400000, 0x0000000082400000| Complete 
|  37|0x0000000082500000, 0x0000000082600000, 0x0000000082600000|100%|HC|  |TAMS 0x0000000082500000, 0x0000000082500000| Complete 
|  38|0x0000000082600000, 0x0000000082700000, 0x0000000082700000|100%|HC|  |TAMS 0x0000000082600000, 0x0000000082600000| Complete 
|  39|0x0000000082700000, 0x0000000082800000, 0x0000000082800000|100%|HC|  |TAMS 0x0000000082700000, 0x0000000082700000| Complete 
|  40|0x0000000082800000, 0x0000000082900000, 0x0000000082900000|100%|HC|  |TAMS 0x0000000082800000, 0x0000000082800000| Complete 
|  41|0x0000000082900000, 0x0000000082a00000, 0x0000000082a00000|100%|HC|  |TAMS 0x0000000082900000, 0x0000000082900000| Complete 
|  42|0x0000000082a00000, 0x0000000082a00000, 0x0000000082b00000|  0%| F|  |TAMS 0x0000000082a00000, 0x0000000082a00000| Untracked 
|  43|0x0000000082b00000, 0x0000000082b00000, 0x0000000082c00000|  0%| F|  |TAMS 0x0000000082b00000, 0x0000000082b00000| Untracked 
|  44|0x0000000082c00000, 0x0000000082c00000, 0x0000000082d00000|  0%| F|  |TAMS 0x0000000082c00000, 0x0000000082c00000| Untracked 
|  45|0x0000000082d00000, 0x0000000082d00000, 0x0000000082e00000|  0%| F|  |TAMS 0x0000000082d00000, 0x0000000082d00000| Untracked 
|  46|0x0000000082e00000, 0x0000000082e00000, 0x0000000082f00000|  0%| F|  |TAMS 0x0000000082e00000, 0x0000000082e00000| Untracked 
|  47|0x0000000082f00000, 0x0000000083000000, 0x0000000083000000|100%| S|CS|TAMS 0x0000000082f00000, 0x0000000082f00000| Complete 
|  48|0x0000000083000000, 0x0000000083000000, 0x0000000083100000|  0%| F|  |TAMS 0x0000000083000000, 0x0000000083000000| Untracked 
|  49|0x0000000083100000, 0x0000000083200000, 0x0000000083200000|100%| S|CS|TAMS 0x0000000083100000, 0x0000000083100000| Complete 
|  50|0x0000000083200000, 0x0000000083200000, 0x0000000083300000|  0%| F|  |TAMS 0x0000000083200000, 0x0000000083200000| Untracked 
|  51|0x0000000083300000, 0x0000000083300000, 0x0000000083400000|  0%| F|  |TAMS 0x0000000083300000, 0x0000000083300000| Untracked 
|  52|0x0000000083400000, 0x0000000083400000, 0x0000000083500000|  0%| F|  |TAMS 0x0000000083400000, 0x0000000083400000| Untracked 
|  53|0x0000000083500000, 0x00000000835016a0, 0x0000000083600000|  0%| E|  |TAMS 0x0000000083500000, 0x0000000083500000| Complete 

Card table byte_map: [0x000001e2c1090000,0x000001e2c1490000] _byte_map_base: 0x000001e2c0c90000

Marking Bits (Prev, Next): (CMBitMap*) 0x000001e2ae2eb8b0, (CMBitMap*) 0x000001e2ae2eb870
 Prev Bits: [0x000001e2c3890000, 0x000001e2c5890000)
 Next Bits: [0x000001e2c1890000, 0x000001e2c3890000)

Polling page: 0x000001e2ad9b0000

Metaspace:

Usage:
  Non-class:     25.24 MB used.
      Class:      3.96 MB used.
       Both:     29.20 MB used.

Virtual space:
  Non-class space:       64.00 MB reserved,      25.38 MB ( 40%) committed,  1 nodes.
      Class space:        1.00 GB reserved,       4.12 MB ( <1%) committed,  1 nodes.
             Both:        1.06 GB reserved,      29.50 MB (  3%) committed. 

Chunk freelists:
   Non-Class:  6.50 MB
       Class:  11.78 MB
        Both:  18.28 MB

MaxMetaspaceSize: unlimited
CompressedClassSpaceSize: 1.00 GB
Initial GC threshold: 21.00 MB
Current GC threshold: 49.00 MB
CDS: off
MetaspaceReclaimPolicy: balanced
 - commit_granule_bytes: 65536.
 - commit_granule_words: 8192.
 - virtual_space_node_default_size: 8388608.
 - enlarge_chunks_in_place: 1.
 - new_chunks_are_fully_committed: 0.
 - uncommit_free_chunks: 1.
 - use_allocation_guard: 0.
 - handle_deallocations: 1.


Internal statistics:

num_allocs_failed_limit: 3.
num_arena_births: 292.
num_arena_deaths: 0.
num_vsnodes_births: 2.
num_vsnodes_deaths: 0.
num_space_committed: 472.
num_space_uncommitted: 0.
num_chunks_returned_to_freelist: 3.
num_chunks_taken_from_freelist: 1065.
num_chunk_merges: 3.
num_chunk_splits: 685.
num_chunks_enlarged: 481.
num_inconsistent_stats: 0.

CodeHeap 'non-profiled nmethods': size=120000Kb used=1302Kb max_used=1302Kb free=118697Kb
 bounds [0x000001e2b9210000, 0x000001e2b9480000, 0x000001e2c0740000]
CodeHeap 'profiled nmethods': size=120000Kb used=5648Kb max_used=5648Kb free=114351Kb
 bounds [0x000001e2b1740000, 0x000001e2b1cd0000, 0x000001e2b8c70000]
CodeHeap 'non-nmethods': size=5760Kb used=1230Kb max_used=1278Kb free=4529Kb
 bounds [0x000001e2b8c70000, 0x000001e2b8ee0000, 0x000001e2b9210000]
 total_blobs=3250 nmethods=2713 adapters=449
 compilation: enabled
              stopped_count=0, restarted_count=0
 full_count=0

Compilation events (20 events):
Event: 5.860 Thread 0x000001e2c86bf620 2716       3       java.io.DataOutputStream::writeUTF (7 bytes)
Event: 5.860 Thread 0x000001e2c86bf620 nmethod 2716 0x000001e2b1cc0390 code [0x000001e2b1cc0520, 0x000001e2b1cc0668]
Event: 5.865 Thread 0x000001e2c86bf620 2718       3       java.lang.Throwable::<init> (34 bytes)
Event: 5.865 Thread 0x000001e2c86bf620 nmethod 2718 0x000001e2b1cc0710 code [0x000001e2b1cc08e0, 0x000001e2b1cc0ca8]
Event: 5.867 Thread 0x000001e2c86bf620 2719       3       java.io.DataOutputStream::writeInt (62 bytes)
Event: 5.867 Thread 0x000001e2c86bf620 nmethod 2719 0x000001e2b1cc0d90 code [0x000001e2b1cc0f40, 0x000001e2b1cc1288]
Event: 5.867 Thread 0x000001e2c86bf620 2720       1       java.lang.reflect.Constructor::getSharedParameterTypes (5 bytes)
Event: 5.867 Thread 0x000001e2c86bf620 nmethod 2720 0x000001e2b9355310 code [0x000001e2b93554a0, 0x000001e2b9355578]
Event: 5.867 Thread 0x000001e2c86bf620 2721       3       java.lang.Long::valueOf (40 bytes)
Event: 5.867 Thread 0x000001e2c86bf620 nmethod 2721 0x000001e2b1cc1410 code [0x000001e2b1cc15c0, 0x000001e2b1cc1918]
Event: 5.867 Thread 0x000001e2c86bf620 2723       3       org.gradle.internal.io.StreamByteBuffer::prepareRead (102 bytes)
Event: 5.868 Thread 0x000001e2c86bf620 nmethod 2723 0x000001e2b1cc1a90 code [0x000001e2b1cc1ca0, 0x000001e2b1cc2538]
Event: 5.868 Thread 0x000001e2c86bf620 2722       1       org.gradle.internal.io.StreamByteBuffer::access$100 (5 bytes)
Event: 5.868 Thread 0x000001e2c86bf620 nmethod 2722 0x000001e2b9355610 code [0x000001e2b93557a0, 0x000001e2b9355858]
Event: 5.868 Thread 0x000001e2c86bf620 2724       3       sun.net.www.protocol.file.Handler::hostsEqual (65 bytes)
Event: 5.868 Thread 0x000001e2c86bf620 nmethod 2724 0x000001e2b1cc2790 code [0x000001e2b1cc29a0, 0x000001e2b1cc2f28]
Event: 5.868 Thread 0x000001e2c86bf620 2725       3       java.net.URLStreamHandler::hostsEqual (75 bytes)
Event: 5.869 Thread 0x000001e2c86bf620 nmethod 2725 0x000001e2b1cc3190 code [0x000001e2b1cc33a0, 0x000001e2b1cc3a58]
Event: 5.869 Thread 0x000001e2c86bf620 2726       3       java.io.ObjectInputStream$HandleTable::lookupException (29 bytes)
Event: 5.870 Thread 0x000001e2c86bf620 nmethod 2726 0x000001e2b1cc3c90 code [0x000001e2b1cc3e40, 0x000001e2b1cc4138]

GC Heap History (20 events):
Event: 1.963 GC heap before
{Heap before GC invocations=1 (full 0):
 garbage-first heap   total 55296K, used 30016K [0x0000000080000000, 0x0000000100000000)
  region size 1024K, 22 young (22528K), 3 survivors (3072K)
 Metaspace       used 11414K, committed 11584K, reserved 1114112K
  class space    used 1196K, committed 1280K, reserved 1048576K
}
Event: 1.967 GC heap after
{Heap after GC invocations=2 (full 0):
 garbage-first heap   total 55296K, used 11480K [0x0000000080000000, 0x0000000100000000)
  region size 1024K, 1 young (1024K), 1 survivors (1024K)
 Metaspace       used 11414K, committed 11584K, reserved 1114112K
  class space    used 1196K, committed 1280K, reserved 1048576K
}
Event: 2.431 GC heap before
{Heap before GC invocations=2 (full 0):
 garbage-first heap   total 55296K, used 31960K [0x0000000080000000, 0x0000000100000000)
  region size 1024K, 21 young (21504K), 1 survivors (1024K)
 Metaspace       used 11945K, committed 12160K, reserved 1114112K
  class space    used 1311K, committed 1408K, reserved 1048576K
}
Event: 2.436 GC heap after
{Heap after GC invocations=3 (full 0):
 garbage-first heap   total 55296K, used 16135K [0x0000000080000000, 0x0000000100000000)
  region size 1024K, 3 young (3072K), 3 survivors (3072K)
 Metaspace       used 11945K, committed 12160K, reserved 1114112K
  class space    used 1311K, committed 1408K, reserved 1048576K
}
Event: 4.418 GC heap before
{Heap before GC invocations=3 (full 0):
 garbage-first heap   total 55296K, used 34567K [0x0000000080000000, 0x0000000100000000)
  region size 1024K, 22 young (22528K), 3 survivors (3072K)
 Metaspace       used 19065K, committed 19328K, reserved 1114112K
  class space    used 2221K, committed 2368K, reserved 1048576K
}
Event: 4.422 GC heap after
{Heap after GC invocations=4 (full 0):
 garbage-first heap   total 55296K, used 18933K [0x0000000080000000, 0x0000000100000000)
  region size 1024K, 3 young (3072K), 3 survivors (3072K)
 Metaspace       used 19065K, committed 19328K, reserved 1114112K
  class space    used 2221K, committed 2368K, reserved 1048576K
}
Event: 4.609 GC heap before
{Heap before GC invocations=4 (full 0):
 garbage-first heap   total 55296K, used 29173K [0x0000000080000000, 0x0000000100000000)
  region size 1024K, 15 young (15360K), 3 survivors (3072K)
 Metaspace       used 21316K, committed 21504K, reserved 1114112K
  class space    used 2552K, committed 2624K, reserved 1048576K
}
Event: 4.612 GC heap after
{Heap after GC invocations=5 (full 0):
 garbage-first heap   total 55296K, used 19691K [0x0000000080000000, 0x0000000100000000)
  region size 1024K, 1 young (1024K), 1 survivors (1024K)
 Metaspace       used 21316K, committed 21504K, reserved 1114112K
  class space    used 2552K, committed 2624K, reserved 1048576K
}
Event: 4.942 GC heap before
{Heap before GC invocations=6 (full 0):
 garbage-first heap   total 55296K, used 39147K [0x0000000080000000, 0x0000000100000000)
  region size 1024K, 20 young (20480K), 1 survivors (1024K)
 Metaspace       used 24312K, committed 24576K, reserved 1114112K
  class space    used 3077K, committed 3200K, reserved 1048576K
}
Event: 4.943 GC heap after
{Heap after GC invocations=7 (full 0):
 garbage-first heap   total 55296K, used 20326K [0x0000000080000000, 0x0000000100000000)
  region size 1024K, 2 young (2048K), 2 survivors (2048K)
 Metaspace       used 24312K, committed 24576K, reserved 1114112K
  class space    used 3077K, committed 3200K, reserved 1048576K
}
Event: 5.297 GC heap before
{Heap before GC invocations=7 (full 0):
 garbage-first heap   total 55296K, used 38758K [0x0000000080000000, 0x0000000100000000)
  region size 1024K, 21 young (21504K), 2 survivors (2048K)
 Metaspace       used 26854K, committed 27136K, reserved 1114112K
  class space    used 3536K, committed 3712K, reserved 1048576K
}
Event: 5.300 GC heap after
{Heap after GC invocations=8 (full 0):
 garbage-first heap   total 55296K, used 21598K [0x0000000080000000, 0x0000000100000000)
  region size 1024K, 3 young (3072K), 3 survivors (3072K)
 Metaspace       used 26854K, committed 27136K, reserved 1114112K
  class space    used 3536K, committed 3712K, reserved 1048576K
}
Event: 5.696 GC heap before
{Heap before GC invocations=8 (full 0):
 garbage-first heap   total 55296K, used 41054K [0x0000000080000000, 0x0000000100000000)
  region size 1024K, 22 young (22528K), 3 survivors (3072K)
 Metaspace       used 29643K, committed 30016K, reserved 1114112K
  class space    used 4010K, committed 4160K, reserved 1048576K
}
Event: 5.700 GC heap after
{Heap after GC invocations=9 (full 0):
 garbage-first heap   total 55296K, used 23193K [0x0000000080000000, 0x0000000100000000)
  region size 1024K, 3 young (3072K), 3 survivors (3072K)
 Metaspace       used 29643K, committed 30016K, reserved 1114112K
  class space    used 4010K, committed 4160K, reserved 1048576K
}
Event: 5.753 GC heap before
{Heap before GC invocations=9 (full 0):
 garbage-first heap   total 55296K, used 26265K [0x0000000080000000, 0x0000000100000000)
  region size 1024K, 5 young (5120K), 3 survivors (3072K)
 Metaspace       used 29723K, committed 30080K, reserved 1114112K
  class space    used 4025K, committed 4160K, reserved 1048576K
}
Event: 5.756 GC heap after
{Heap after GC invocations=10 (full 0):
 garbage-first heap   total 55296K, used 25796K [0x0000000080000000, 0x0000000100000000)
  region size 1024K, 3 young (3072K), 3 survivors (3072K)
 Metaspace       used 29723K, committed 30080K, reserved 1114112K
  class space    used 4025K, committed 4160K, reserved 1048576K
}
Event: 5.789 GC heap before
{Heap before GC invocations=10 (full 0):
 garbage-first heap   total 55296K, used 28868K [0x0000000080000000, 0x0000000100000000)
  region size 1024K, 4 young (4096K), 3 survivors (3072K)
 Metaspace       used 29724K, committed 30080K, reserved 1114112K
  class space    used 4025K, committed 4160K, reserved 1048576K
}
Event: 5.791 GC heap after
{Heap after GC invocations=11 (full 0):
 garbage-first heap   total 55296K, used 29302K [0x0000000080000000, 0x0000000100000000)
  region size 1024K, 2 young (2048K), 2 survivors (2048K)
 Metaspace       used 29724K, committed 30080K, reserved 1114112K
  class space    used 4025K, committed 4160K, reserved 1048576K
}
Event: 5.878 GC heap before
{Heap before GC invocations=12 (full 0):
 garbage-first heap   total 55296K, used 33398K [0x0000000080000000, 0x0000000100000000)
  region size 1024K, 5 young (5120K), 2 survivors (2048K)
 Metaspace       used 29901K, committed 30208K, reserved 1114112K
  class space    used 4058K, committed 4224K, reserved 1048576K
}
Event: 5.879 GC heap after
{Heap after GC invocations=13 (full 0):
 garbage-first heap   total 55296K, used 32735K [0x0000000080000000, 0x0000000100000000)
  region size 1024K, 2 young (2048K), 2 survivors (2048K)
 Metaspace       used 29901K, committed 30208K, reserved 1114112K
  class space    used 4058K, committed 4224K, reserved 1048576K
}

Dll operation events (3 events):
Event: 0.034 Loaded shared library C:\Program Files\Android\Android Studio\jbr\bin\java.dll
Event: 0.176 Loaded shared library C:\Program Files\Android\Android Studio\jbr\bin\zip.dll
Event: 0.783 Loaded shared library C:\Program Files\Android\Android Studio\jbr\bin\verify.dll

Deoptimization events (20 events):
Event: 5.709 Thread 0x000001e2cd09f7a0 DEOPT PACKING pc=0x000001e2b17e2993 sp=0x00000063036fe800
Event: 5.709 Thread 0x000001e2cd09f7a0 DEOPT UNPACKING pc=0x000001e2b8cc7143 sp=0x00000063036fdd38 mode 0
Event: 5.720 Thread 0x000001e2ce998ed0 Uncommon trap: trap_request=0xffffffc6 fr.pc=0x000001e2b932c8f8 relative=0x0000000000004c18
Event: 5.720 Thread 0x000001e2ce998ed0 Uncommon trap: reason=bimorphic_or_optimized_type_check action=maybe_recompile pc=0x000001e2b932c8f8 method=java.lang.ClassLoader.loadClass(Ljava/lang/String;Z)Ljava/lang/Class; @ 38 c2
Event: 5.720 Thread 0x000001e2ce998ed0 DEOPT PACKING pc=0x000001e2b932c8f8 sp=0x00000063026fbf70
Event: 5.720 Thread 0x000001e2ce998ed0 DEOPT UNPACKING pc=0x000001e2b8cc69a3 sp=0x00000063026fbf90 mode 2
Event: 5.744 Thread 0x000001e2ce998ed0 Uncommon trap: trap_request=0xffffffc6 fr.pc=0x000001e2b932c8f8 relative=0x0000000000004c18
Event: 5.744 Thread 0x000001e2ce998ed0 Uncommon trap: reason=bimorphic_or_optimized_type_check action=maybe_recompile pc=0x000001e2b932c8f8 method=java.lang.ClassLoader.loadClass(Ljava/lang/String;Z)Ljava/lang/Class; @ 38 c2
Event: 5.744 Thread 0x000001e2ce998ed0 DEOPT PACKING pc=0x000001e2b932c8f8 sp=0x00000063026fa310
Event: 5.744 Thread 0x000001e2ce998ed0 DEOPT UNPACKING pc=0x000001e2b8cc69a3 sp=0x00000063026fa330 mode 2
Event: 5.745 Thread 0x000001e2ce998ed0 Uncommon trap: trap_request=0xffffffc6 fr.pc=0x000001e2b932c8f8 relative=0x0000000000004c18
Event: 5.745 Thread 0x000001e2ce998ed0 Uncommon trap: reason=bimorphic_or_optimized_type_check action=maybe_recompile pc=0x000001e2b932c8f8 method=java.lang.ClassLoader.loadClass(Ljava/lang/String;Z)Ljava/lang/Class; @ 38 c2
Event: 5.745 Thread 0x000001e2ce998ed0 DEOPT PACKING pc=0x000001e2b932c8f8 sp=0x00000063026fa550
Event: 5.745 Thread 0x000001e2ce998ed0 DEOPT UNPACKING pc=0x000001e2b8cc69a3 sp=0x00000063026fa570 mode 2
Event: 5.745 Thread 0x000001e2ce998ed0 Uncommon trap: trap_request=0xffffffc6 fr.pc=0x000001e2b932c8f8 relative=0x0000000000004c18
Event: 5.745 Thread 0x000001e2ce998ed0 Uncommon trap: reason=bimorphic_or_optimized_type_check action=maybe_recompile pc=0x000001e2b932c8f8 method=java.lang.ClassLoader.loadClass(Ljava/lang/String;Z)Ljava/lang/Class; @ 38 c2
Event: 5.745 Thread 0x000001e2ce998ed0 DEOPT PACKING pc=0x000001e2b932c8f8 sp=0x00000063026fb900
Event: 5.745 Thread 0x000001e2ce998ed0 DEOPT UNPACKING pc=0x000001e2b8cc69a3 sp=0x00000063026fb920 mode 2
Event: 5.788 Thread 0x000001e2ce998ed0 DEOPT PACKING pc=0x000001e2b1b723d4 sp=0x00000063026fac90
Event: 5.788 Thread 0x000001e2ce998ed0 DEOPT UNPACKING pc=0x000001e2b8cc7143 sp=0x00000063026fa1e8 mode 0

Classes unloaded (0 events):
No events

Classes redefined (0 events):
No events

Internal exceptions (20 events):
Event: 5.562 Thread 0x000001e2ce998ed0 Exception <a 'java/lang/NoSuchMethodError'{0x000000008281af90}: 'int java.lang.invoke.DirectMethodHandle$Holder.invokeVirtual(java.lang.Object, java.lang.Object)'> (0x000000008281af90) 
thrown [s\src\hotspot\share\interpreter\linkResolver.cpp, line 771]
Event: 5.564 Thread 0x000001e2ce998ed0 Exception <a 'java/lang/NoSuchMethodError'{0x000000008282d890}: 'java.lang.Object java.lang.invoke.DirectMethodHandle$Holder.invokeStaticInit(java.lang.Object, java.lang.Object, java.lang.Object)'> (0x000000008282d890) 
thrown [s\src\hotspot\share\interpreter\linkResolver.cpp, line 771]
Event: 5.567 Thread 0x000001e2ce998ed0 Exception <a 'java/lang/NoSuchMethodError'{0x0000000082868310}: 'int java.lang.invoke.DirectMethodHandle$Holder.invokeVirtual(java.lang.Object, java.lang.Object, java.lang.Object)'> (0x0000000082868310) 
thrown [s\src\hotspot\share\interpreter\linkResolver.cpp, line 771]
Event: 5.604 Thread 0x000001e2ce998ed0 Exception <a 'java/lang/NoSuchMethodError'{0x0000000082620900}: 'int java.lang.invoke.DirectMethodHandle$Holder.invokeStaticInit(java.lang.Object, java.lang.Object, java.lang.Object)'> (0x0000000082620900) 
thrown [s\src\hotspot\share\interpreter\linkResolver.cpp, line 771]
Event: 5.606 Thread 0x000001e2ce998ed0 Exception <a 'java/lang/NoSuchMethodError'{0x0000000082635b00}: 'java.lang.Object java.lang.invoke.DirectMethodHandle$Holder.newInvokeSpecial(java.lang.Object, java.lang.Object, long)'> (0x0000000082635b00) 
thrown [s\src\hotspot\share\interpreter\linkResolver.cpp, line 771]
Event: 5.606 Thread 0x000001e2ce998ed0 Exception <a 'java/lang/NoSuchMethodError'{0x0000000082639e68}: 'java.lang.Object java.lang.invoke.Invokers$Holder.linkToTargetMethod(java.lang.Object, long, java.lang.Object)'> (0x0000000082639e68) 
thrown [s\src\hotspot\share\interpreter\linkResolver.cpp, line 771]
Event: 5.641 Thread 0x000001e2ce998ed0 Exception <a 'java/lang/NoSuchMethodError'{0x00000000825baa20}: 'int java.lang.invoke.DirectMethodHandle$Holder.invokeInterface(java.lang.Object, java.lang.Object)'> (0x00000000825baa20) 
thrown [s\src\hotspot\share\interpreter\linkResolver.cpp, line 771]
Event: 5.644 Thread 0x000001e2ce998ed0 Exception <a 'java/lang/NoSuchMethodError'{0x00000000825eb1e0}: 'java.lang.Object java.lang.invoke.DirectMethodHandle$Holder.invokeStatic(java.lang.Object, java.lang.Object, int, java.lang.Object)'> (0x00000000825eb1e0) 
thrown [s\src\hotspot\share\interpreter\linkResolver.cpp, line 771]
Event: 5.645 Thread 0x000001e2ce998ed0 Exception <a 'java/lang/NoSuchMethodError'{0x00000000825f2848}: 'java.lang.Object java.lang.invoke.DirectMethodHandle$Holder.newInvokeSpecial(java.lang.Object, java.lang.Object, int, java.lang.Object)'> (0x00000000825f2848) 
thrown [s\src\hotspot\share\interpreter\linkResolver.cpp, line 771]
Event: 5.645 Thread 0x000001e2ce998ed0 Exception <a 'java/lang/NoSuchMethodError'{0x00000000825f6be0}: 'java.lang.Object java.lang.invoke.DirectMethodHandle$Holder.invokeSpecial(java.lang.Object, java.lang.Object, java.lang.Object, int, java.lang.Object)'> (0x00000000825f6be0) 
thrown [s\src\hotspot\share\interpreter\linkResolver.cpp, line 771]
Event: 5.746 Thread 0x000001e2ce998ed0 Exception <a 'java/lang/NoSuchMethodError'{0x0000000083479b78}: static Lorg/gradle/tooling/internal/consumer/connection/InternalPhasedActionAdapter;.<clinit>()V> (0x0000000083479b78) 
thrown [s\src\hotspot\share\prims\jni.cpp, line 1108]
Event: 5.751 Thread 0x000001e2ce998ed0 Exception <a 'java/lang/NoSuchMethodError'{0x00000000834a67d0}: static Lorg/gradle/tooling/internal/consumer/connection/InternalBuildActionAdapter;.<clinit>()V> (0x00000000834a67d0) 
thrown [s\src\hotspot\share\prims\jni.cpp, line 1108]
Event: 5.839 Thread 0x000001e2ce998ed0 Exception <a 'java/lang/NoSuchMethodError'{0x00000000835c9490}: static Ljava/lang/Object;.<clinit>()V> (0x00000000835c9490) 
thrown [s\src\hotspot\share\prims\jni.cpp, line 1108]
Event: 5.840 Thread 0x000001e2ce998ed0 Exception <a 'java/lang/NoSuchMethodError'{0x00000000835d0918}: static Lorg/jetbrains/plugins/gradle/model/ProjectImportActionWithCustomSerializer;.<clinit>()V> (0x00000000835d0918) 
thrown [s\src\hotspot\share\prims\jni.cpp, line 1108]
Event: 5.848 Thread 0x000001e2ce998ed0 Exception <a 'java/lang/NoSuchMethodError'{0x00000000833444f8}: static Lorg/jetbrains/kotlin/idea/gradleTooling/KotlinDslScriptModelProvider;.<clinit>()V> (0x00000000833444f8) 
thrown [s\src\hotspot\share\prims\jni.cpp, line 1108]
Event: 5.856 Thread 0x000001e2ce998ed0 Exception <a 'java/lang/NoSuchMethodError'{0x0000000083394bc8}: static Lorg/jetbrains/plugins/gradle/model/ClassSetProjectImportModelProvider;.<clinit>()V> (0x0000000083394bc8) 
thrown [s\src\hotspot\share\prims\jni.cpp, line 1108]
Event: 5.865 Thread 0x000001e2ce998ed0 Exception <a 'java/lang/NoSuchMethodError'{0x00000000833f6520}: static Ljava/lang/Object;.<clinit>()V> (0x00000000833f6520) 
thrown [s\src\hotspot\share\prims\jni.cpp, line 1108]
Event: 5.866 Thread 0x000001e2ce998ed0 Exception <a 'java/lang/NoSuchMethodError'{0x0000000083205198}: static Lorg/jetbrains/kotlin/idea/gradleTooling/KotlinGradleModel;.<clinit>()V> (0x0000000083205198) 
thrown [s\src\hotspot\share\prims\jni.cpp, line 1108]
Event: 5.868 Thread 0x000001e2ce998ed0 Exception <a 'java/lang/NoSuchMethodError'{0x0000000083216ed0}: static Lorg/jetbrains/plugins/gradle/model/AnnotationProcessingModel;.<clinit>()V> (0x0000000083216ed0) 
thrown [s\src\hotspot\share\prims\jni.cpp, line 1108]
Event: 5.869 Thread 0x000001e2ce998ed0 Exception <a 'java/lang/NoSuchMethodError'{0x00000000832278d8}: static Lorg/jetbrains/plugins/gradle/model/RepositoriesModel;.<clinit>()V> (0x00000000832278d8) 
thrown [s\src\hotspot\share\prims\jni.cpp, line 1108]

VM Operations (20 events):
Event: 4.859 Executing VM operation: HandshakeAllThreads done
Event: 4.941 Executing VM operation: G1CollectForAllocation
Event: 4.943 Executing VM operation: G1CollectForAllocation done
Event: 5.297 Executing VM operation: G1CollectForAllocation
Event: 5.300 Executing VM operation: G1CollectForAllocation done
Event: 5.624 Executing VM operation: HandshakeAllThreads
Event: 5.624 Executing VM operation: HandshakeAllThreads done
Event: 5.696 Executing VM operation: G1CollectForAllocation
Event: 5.700 Executing VM operation: G1CollectForAllocation done
Event: 5.753 Executing VM operation: G1TryInitiateConcMark
Event: 5.756 Executing VM operation: G1TryInitiateConcMark done
Event: 5.789 Executing VM operation: G1TryInitiateConcMark
Event: 5.791 Executing VM operation: G1TryInitiateConcMark done
Event: 5.800 Executing VM operation: G1Concurrent
Event: 5.802 Executing VM operation: G1Concurrent done
Event: 5.807 Executing VM operation: G1Concurrent
Event: 5.807 Executing VM operation: G1Concurrent done
Event: 5.878 Executing VM operation: G1TryInitiateConcMark
Event: 5.879 Executing VM operation: G1TryInitiateConcMark done
Event: 5.893 Executing VM operation: G1Concurrent

Events (20 events):
Event: 5.591 loading class java/nio/charset/CharacterCodingException
Event: 5.591 loading class java/nio/charset/CharacterCodingException done
Event: 5.592 loading class java/lang/Short$ShortCache
Event: 5.592 loading class java/lang/Short$ShortCache done
Event: 5.695 Thread 0x000001e2cd09f7a0 Thread added: 0x000001e2cd09f7a0
Event: 5.695 Thread 0x000001e2cd0a0fb0 Thread added: 0x000001e2cd0a0fb0
Event: 5.695 Thread 0x000001e2cd0a1950 Thread added: 0x000001e2cd0a1950
Event: 5.695 Thread 0x000001e2cd09fc70 Thread added: 0x000001e2cd09fc70
Event: 5.695 Thread 0x000001e2cfcf0220 Thread added: 0x000001e2cfcf0220
Event: 5.695 Thread 0x000001e2cfceea10 Thread added: 0x000001e2cfceea10
Event: 5.695 Thread 0x000001e2cfce9840 Thread added: 0x000001e2cfce9840
Event: 5.696 Thread 0x000001e2cfceab80 Thread added: 0x000001e2cfceab80
Event: 5.696 Thread 0x000001e2cfcf06f0 Thread added: 0x000001e2cfcf06f0
Event: 5.696 Thread 0x000001e2cfce8ea0 Thread added: 0x000001e2cfce8ea0
Event: 5.696 Thread 0x000001e2cfcef3b0 Thread added: 0x000001e2cfcef3b0
Event: 5.696 Thread 0x000001e2cfcef880 Thread added: 0x000001e2cfcef880
Event: 5.700 loading class sun/nio/fs/WindowsPath$1
Event: 5.701 loading class sun/nio/fs/WindowsPath$1 done
Event: 5.849 loading class java/io/ObjectStreamClass$ExceptionInfo
Event: 5.849 loading class java/io/ObjectStreamClass$ExceptionInfo done


Dynamic libraries:
0x00007ff6a3710000 - 0x00007ff6a371a000 	C:\Program Files\Android\Android Studio\jbr\bin\java.exe
0x00007ffd27f90000 - 0x00007ffd281a7000 	C:\WINDOWS\SYSTEM32\ntdll.dll
0x00007ffd26330000 - 0x00007ffd263f4000 	C:\WINDOWS\System32\KERNEL32.DLL
0x00007ffd25870000 - 0x00007ffd25c16000 	C:\WINDOWS\System32\KERNELBASE.dll
0x00007ffd254a0000 - 0x00007ffd255b1000 	C:\WINDOWS\System32\ucrtbase.dll
0x00007ffcf78f0000 - 0x00007ffcf790b000 	C:\Program Files\Android\Android Studio\jbr\bin\VCRUNTIME140.dll
0x00007ffcfaaa0000 - 0x00007ffcfaab7000 	C:\Program Files\Android\Android Studio\jbr\bin\jli.dll
0x00007ffd25e80000 - 0x00007ffd2602e000 	C:\WINDOWS\System32\USER32.dll
0x00007ffd257d0000 - 0x00007ffd257f6000 	C:\WINDOWS\System32\win32u.dll
0x00007ffd260c0000 - 0x00007ffd260e9000 	C:\WINDOWS\System32\GDI32.dll
0x00007ffd25300000 - 0x00007ffd25418000 	C:\WINDOWS\System32\gdi32full.dll
0x00007ffd25730000 - 0x00007ffd257ca000 	C:\WINDOWS\System32\msvcp_win.dll
0x00007ffd03a40000 - 0x00007ffd03cd3000 	C:\WINDOWS\WinSxS\amd64_microsoft.windows.common-controls_6595b64144ccf1df_6.0.22621.2506_none_270c5ae97388e100\COMCTL32.dll
0x00007ffd27460000 - 0x00007ffd27507000 	C:\WINDOWS\System32\msvcrt.dll
0x00007ffd26480000 - 0x00007ffd264b1000 	C:\WINDOWS\System32\IMM32.DLL
0x0000000074100000 - 0x000000007410c000 	C:\Program Files (x86)\360\Total Security\safemon\SafeWrapper.dll
0x00007ffd26e80000 - 0x00007ffd26f33000 	C:\WINDOWS\System32\ADVAPI32.dll
0x00007ffd25dd0000 - 0x00007ffd25e78000 	C:\WINDOWS\System32\sechost.dll
0x00007ffd252d0000 - 0x00007ffd252f8000 	C:\WINDOWS\System32\bcrypt.dll
0x00007ffd26210000 - 0x00007ffd26327000 	C:\WINDOWS\System32\RPCRT4.dll
0x00007ffcc5f50000 - 0x00007ffcc5fe2000 	C:\Program Files (x86)\360\Total Security\safemon\libzdtp64.dll
0x00007ffd264c0000 - 0x00007ffd26d1b000 	C:\WINDOWS\System32\SHELL32.dll
0x00007ffd26f40000 - 0x00007ffd26f9e000 	C:\WINDOWS\System32\SHLWAPI.dll
0x00007ffd24c10000 - 0x00007ffd24c1a000 	C:\WINDOWS\SYSTEM32\VERSION.dll
0x00007ffd10af0000 - 0x00007ffd10afc000 	C:\Program Files\Android\Android Studio\jbr\bin\vcruntime140_1.dll
0x00007ffcdeb30000 - 0x00007ffcdebbd000 	C:\Program Files\Android\Android Studio\jbr\bin\msvcp140.dll
0x00007ffc9e1e0000 - 0x00007ffc9ee60000 	C:\Program Files\Android\Android Studio\jbr\bin\server\jvm.dll
0x00007ffd1d510000 - 0x00007ffd1d544000 	C:\WINDOWS\SYSTEM32\WINMM.dll
0x00007ffd0dfd0000 - 0x00007ffd0dfd9000 	C:\WINDOWS\SYSTEM32\WSOCK32.dll
0x00007ffd26400000 - 0x00007ffd26471000 	C:\WINDOWS\System32\WS2_32.dll
0x00007ffd242a0000 - 0x00007ffd242b8000 	C:\WINDOWS\SYSTEM32\kernel.appcore.dll
0x00007ffd10000000 - 0x00007ffd1000a000 	C:\Program Files\Android\Android Studio\jbr\bin\jimage.dll
0x00007ffd22c20000 - 0x00007ffd22e53000 	C:\WINDOWS\SYSTEM32\DBGHELP.DLL
0x00007ffd27080000 - 0x00007ffd27409000 	C:\WINDOWS\System32\combase.dll
0x00007ffd26fa0000 - 0x00007ffd27077000 	C:\WINDOWS\System32\OLEAUT32.dll
0x00007ffd13c80000 - 0x00007ffd13cb2000 	C:\WINDOWS\SYSTEM32\dbgcore.DLL
0x00007ffd25420000 - 0x00007ffd2549a000 	C:\WINDOWS\System32\bcryptPrimitives.dll
0x00007ffd05e90000 - 0x00007ffd05e9e000 	C:\Program Files\Android\Android Studio\jbr\bin\instrument.dll
0x00007ffd05ea0000 - 0x00007ffd05ec5000 	C:\Program Files\Android\Android Studio\jbr\bin\java.dll
0x00007ffd0fdb0000 - 0x00007ffd0fdc8000 	C:\Program Files\Android\Android Studio\jbr\bin\zip.dll
0x00007ffd231c0000 - 0x00007ffd23ab6000 	C:\WINDOWS\SYSTEM32\windows.storage.dll
0x00007ffd23080000 - 0x00007ffd231be000 	C:\WINDOWS\SYSTEM32\wintypes.dll
0x00007ffd26110000 - 0x00007ffd26203000 	C:\WINDOWS\System32\SHCORE.dll
0x00007ffd25200000 - 0x00007ffd25226000 	C:\WINDOWS\SYSTEM32\profapi.dll
0x00007ffd07a70000 - 0x00007ffd07a89000 	C:\Program Files\Android\Android Studio\jbr\bin\net.dll
0x00007ffd1e9d0000 - 0x00007ffd1eb07000 	C:\WINDOWS\SYSTEM32\WINHTTP.dll
0x00007ffd24720000 - 0x00007ffd24789000 	C:\WINDOWS\system32\mswsock.dll
0x00007ffd05d40000 - 0x00007ffd05d56000 	C:\Program Files\Android\Android Studio\jbr\bin\nio.dll
0x00007ffd0a270000 - 0x00007ffd0a280000 	C:\Program Files\Android\Android Studio\jbr\bin\verify.dll
0x00007ffcf6ca0000 - 0x00007ffcf6cc7000 	C:\Users\daffa\.gradle\native\68d5fa5c4cc2d200863cafc0d521ce42e7d3e7ee720ec0a83991735586a16f82\windows-amd64\native-platform.dll
0x00007ffcd7860000 - 0x00007ffcd79a4000 	C:\Users\daffa\.gradle\native\e376f236ea51e6404a007f0833ffe2c6e607c4080706a723a18a27aeea778392\windows-amd64\native-platform-file-events.dll
0x00007ffd07a40000 - 0x00007ffd07a49000 	C:\Program Files\Android\Android Studio\jbr\bin\management.dll
0x00007ffd06960000 - 0x00007ffd0696b000 	C:\Program Files\Android\Android Studio\jbr\bin\management_ext.dll
0x00007ffd276d0000 - 0x00007ffd276d8000 	C:\WINDOWS\System32\PSAPI.DLL
0x00007ffd24970000 - 0x00007ffd2498b000 	C:\WINDOWS\SYSTEM32\CRYPTSP.dll
0x00007ffd24200000 - 0x00007ffd24235000 	C:\WINDOWS\system32\rsaenh.dll
0x00007ffd24810000 - 0x00007ffd2483c000 	C:\WINDOWS\SYSTEM32\USERENV.dll
0x00007ffd24990000 - 0x00007ffd2499c000 	C:\WINDOWS\SYSTEM32\CRYPTBASE.dll
0x00007ffd23e50000 - 0x00007ffd23e7d000 	C:\WINDOWS\SYSTEM32\IPHLPAPI.DLL
0x00007ffd26100000 - 0x00007ffd26109000 	C:\WINDOWS\System32\NSI.dll
0x00007ffd1e350000 - 0x00007ffd1e369000 	C:\WINDOWS\SYSTEM32\dhcpcsvc6.DLL
0x00007ffd1e330000 - 0x00007ffd1e34f000 	C:\WINDOWS\SYSTEM32\dhcpcsvc.DLL
0x00007ffd23e80000 - 0x00007ffd23f79000 	C:\WINDOWS\SYSTEM32\DNSAPI.dll
0x00007ffcf65a0000 - 0x00007ffcf65a8000 	C:\WINDOWS\system32\wshunix.dll

dbghelp: loaded successfully - version: 4.0.5 - missing functions: none
symbol engine: initialized successfully - sym options: 0x614 - pdb path: .;C:\Program Files\Android\Android Studio\jbr\bin;C:\WINDOWS\SYSTEM32;C:\WINDOWS\WinSxS\amd64_microsoft.windows.common-controls_6595b64144ccf1df_6.0.22621.2506_none_270c5ae97388e100;C:\Program Files (x86)\360\Total Security\safemon;C:\Program Files\Android\Android Studio\jbr\bin\server;C:\Users\daffa\.gradle\native\68d5fa5c4cc2d200863cafc0d521ce42e7d3e7ee720ec0a83991735586a16f82\windows-amd64;C:\Users\daffa\.gradle\native\e376f236ea51e6404a007f0833ffe2c6e607c4080706a723a18a27aeea778392\windows-amd64

VM Arguments:
jvm_args: --add-opens=java.base/java.util=ALL-UNNAMED --add-opens=java.base/java.lang=ALL-UNNAMED --add-opens=java.base/java.lang.invoke=ALL-UNNAMED --add-opens=java.prefs/java.util.prefs=ALL-UNNAMED --add-opens=java.base/java.nio.charset=ALL-UNNAMED --add-opens=java.base/java.net=ALL-UNNAMED --add-opens=java.base/java.util.concurrent.atomic=ALL-UNNAMED -Xmx2048m -Dfile.encoding=UTF-8 -Duser.country=ID -Duser.language=en -Duser.variant -javaagent:C:\Users\daffa\.gradle\wrapper\dists\gradle-8.2-bin\bbg7u40eoinfdyxsxr3z4i7ta\gradle-8.2\lib\agents\gradle-instrumentation-agent-8.2.jar 
java_command: org.gradle.launcher.daemon.bootstrap.GradleDaemon 8.2
java_class_path (initial): C:\Users\daffa\.gradle\wrapper\dists\gradle-8.2-bin\bbg7u40eoinfdyxsxr3z4i7ta\gradle-8.2\lib\gradle-launcher-8.2.jar
Launcher Type: SUN_STANDARD

[Global flags]
     intx CICompilerCount                          = 4                                         {product} {ergonomic}
     uint ConcGCThreads                            = 3                                         {product} {ergonomic}
     uint G1ConcRefinementThreads                  = 10                                        {product} {ergonomic}
   size_t G1HeapRegionSize                         = 1048576                                   {product} {ergonomic}
    uintx GCDrainStackTargetSize                   = 64                                        {product} {ergonomic}
   size_t InitialHeapSize                          = 56623104                                  {product} {ergonomic}
   size_t MarkStackSize                            = 4194304                                   {product} {ergonomic}
   size_t MaxHeapSize                              = 2147483648                                {product} {command line}
   size_t MaxNewSize                               = 1287651328                                {product} {ergonomic}
   size_t MinHeapDeltaBytes                        = 1048576                                   {product} {ergonomic}
   size_t MinHeapSize                              = 8388608                                   {product} {ergonomic}
    uintx NonNMethodCodeHeapSize                   = 5839372                                {pd product} {ergonomic}
    uintx NonProfiledCodeHeapSize                  = 122909434                              {pd product} {ergonomic}
    uintx ProfiledCodeHeapSize                     = 122909434                              {pd product} {ergonomic}
    uintx ReservedCodeCacheSize                    = 251658240                              {pd product} {ergonomic}
     bool SegmentedCodeCache                       = true                                      {product} {ergonomic}
   size_t SoftMaxHeapSize                          = 2147483648                             {manageable} {ergonomic}
     bool UseCompressedClassPointers               = true                           {product lp64_product} {ergonomic}
     bool UseCompressedOops                        = true                           {product lp64_product} {ergonomic}
     bool UseG1GC                                  = true                                      {product} {ergonomic}
     bool UseLargePagesIndividualAllocation        = false                                  {pd product} {ergonomic}

Logging:
Log output configuration:
 #0: stdout all=warning uptime,level,tags
 #1: stderr all=off uptime,level,tags

Environment Variables:
JAVA_HOME=C:\Program Files\Android\Android Studio\jbr
PATH=C:\Program Files\Microsoft\jdk-11.0.12.7-hotspot\bin;C:\Program Files\Common Files\Oracle\Java\javapath;C:\Program Files (x86)\Common Files\Oracle\Java\javapath;C:\WINDOWS\system32;C:\WINDOWS;C:\WINDOWS\System32\Wbem;C:\WINDOWS\System32\WindowsPowerShell\v1.0\;C:\WINDOWS\System32\OpenSSH\;C:\MinGW\bin;C:\Program Files\Microsoft SQL Server\150\Tools\Binn\;C:\Program Files\Microsoft SQL Server\Client SDK\ODBC\170\Tools\Binn\;C:\Program Files\dotnet\;C:\Program Files\Cloudflare\Cloudflare WARP\;C:\Program Files\Git\cmd;C:\Users\daffa\AppData\Local\Microsoft\WindowsApps;C:\Users\daffa\AppData\Local\spicetify;C:\Users\daffa\.dotnet\tools;C:\flutter\bin;C:\Users\daffa\AppData\Local\Programs\Microsoft VS Code\bin
USERNAME=daffa
OS=Windows_NT
PROCESSOR_IDENTIFIER=AMD64 Family 25 Model 80 Stepping 0, AuthenticAMD
TMP=C:\Users\daffa\AppData\Local\Temp
TEMP=C:\Users\daffa\AppData\Local\Temp


JNI global refs:
JNI global refs: 25, weak refs: 0

JNI global refs memory usage: 843, weak refs: 841

OOME stack traces (most recent first):
Classloader memory used:
Loader bootstrap                                                                       : 1896K
Loader org.gradle.internal.classloader.VisitableURLClassLoader                         : 1572K
Loader org.gradle.initialization.MixInLegacyTypesClassLoader                           : 197K
Loader jdk.internal.loader.ClassLoaders$AppClassLoader                                 : 28352B
Loader org.gradle.internal.classloader.VisitableURLClassLoader                         : 17803B
Loader jdk.internal.loader.ClassLoaders$PlatformClassLoader                            : 14823B
Loader jdk.internal.reflect.DelegatingClassLoader                                      : 11851B

Classes loaded by more than one classloader:
Class org.gradle.internal.installation.GradleInstallation                             : loaded 2 times (x 73B)
Class org.gradle.util.GradleVersion                                                   : loaded 2 times (x 81B)
Class org.gradle.internal.classpath.ClassPath                                         : loaded 2 times (x 68B)
Class org.gradle.api.internal.classpath.DefaultModuleRegistry                         : loaded 2 times (x 84B)
Class org.gradle.api.Action                                                           : loaded 2 times (x 68B)
Class org.gradle.api.internal.DefaultClassPathProvider                                : loaded 2 times (x 74B)
Class org.gradle.internal.installation.GradleInstallation$1                           : loaded 2 times (x 73B)
Class org.gradle.internal.classloader.FilteringClassLoader                            : loaded 2 times (x 102B)
Class org.gradle.internal.classpath.DefaultClassPath$ImmutableUniqueList$Builder      : loaded 2 times (x 73B)
Class org.gradle.internal.classloader.ClassLoaderVisitor                              : loaded 2 times (x 74B)
Class org.gradle.internal.service.DefaultServiceLocator                               : loaded 2 times (x 81B)
Class org.gradle.internal.service.UnknownServiceException                             : loaded 2 times (x 81B)
Class org.gradle.internal.classloader.DefaultClassLoaderFactory                       : loaded 2 times (x 80B)
Class org.gradle.internal.classloader.VisitableURLClassLoader$Spec                    : loaded 2 times (x 72B)
Class org.gradle.api.GradleException                                                  : loaded 2 times (x 80B)
Class org.gradle.api.internal.classpath.ModuleRegistry                                : loaded 2 times (x 68B)
Class org.gradle.api.internal.ClassPathProvider                                       : loaded 2 times (x 68B)
Class org.gradle.internal.classloader.ClasspathUtil$1                                 : loaded 2 times (x 74B)
Class org.gradle.internal.classloader.ClassLoaderFactory                              : loaded 2 times (x 68B)
Class org.gradle.api.internal.classpath.ManifestUtil                                  : loaded 2 times (x 69B)
Class org.gradle.api.specs.Spec                                                       : loaded 2 times (x 68B)
Class org.gradle.internal.IoActions                                                   : loaded 2 times (x 69B)
Class org.gradle.api.internal.classpath.EffectiveClassPath                            : loaded 2 times (x 88B)
Class org.gradle.internal.installation.CurrentGradleInstallation                      : loaded 2 times (x 71B)
Class org.gradle.internal.agents.InstrumentingClassLoader                             : loaded 2 times (x 68B)
Class org.gradle.internal.installation.CurrentGradleInstallationLocator               : loaded 2 times (x 69B)
Class org.gradle.api.internal.classpath.Module                                        : loaded 2 times (x 68B)
Class org.gradle.internal.service.CachingServiceLocator                               : loaded 2 times (x 80B)
Class org.gradle.internal.classpath.DefaultClassPath                                  : loaded 2 times (x 88B)
Class org.gradle.internal.classloader.SystemClassLoaderSpec                           : loaded 2 times (x 69B)
Class kotlin.Function                                                                 : loaded 2 times (x 68B)
Class org.gradle.api.UncheckedIOException                                             : loaded 2 times (x 80B)
Class org.gradle.internal.classloader.ClasspathUtil                                   : loaded 2 times (x 69B)
Class org.gradle.api.internal.DefaultClassPathRegistry                                : loaded 2 times (x 74B)
Class org.gradle.api.internal.classpath.DefaultModuleRegistry$DefaultModule           : loaded 2 times (x 84B)
Class org.gradle.api.internal.classpath.UnknownModuleException                        : loaded 2 times (x 80B)
Class org.gradle.internal.service.ServiceLookupException                              : loaded 2 times (x 80B)
Class org.gradle.cache.GlobalCache                                                    : loaded 2 times (x 68B)
Class [Lorg.gradle.api.internal.ClassPathProvider;                                    : loaded 2 times (x 67B)
Class org.gradle.util.internal.GUtil                                                  : loaded 2 times (x 69B)
Class org.gradle.internal.classloader.ClassLoaderSpec                                 : loaded 2 times (x 69B)
Class org.gradle.internal.classloader.VisitableURLClassLoader                         : loaded 2 times (x 114B)
Class org.gradle.internal.Cast                                                        : loaded 2 times (x 69B)
Class org.gradle.api.internal.ClassPathRegistry                                       : loaded 2 times (x 68B)
Class org.gradle.internal.classloader.VisitableURLClassLoader$InstrumentingVisitableURLClassLoader: loaded 2 times (x 120B)
Class org.gradle.internal.classloader.ClassLoaderHierarchy                            : loaded 2 times (x 68B)
Class org.gradle.internal.InternalTransformer                                         : loaded 2 times (x 68B)
Class org.gradle.internal.service.ServiceLocator                                      : loaded 2 times (x 68B)
Class org.gradle.internal.classpath.DefaultClassPath$ImmutableUniqueList              : loaded 2 times (x 159B)
Class org.gradle.internal.classpath.TransformedClassPath                              : loaded 2 times (x 94B)


---------------  S Y S T E M  ---------------

OS:
 Windows 11 , 64 bit Build 22621 (10.0.22621.3085)
OS uptime: 0 days 18:33 hours

CPU: total 12 (initial active 12) (12 cores per cpu, 2 threads per core) family 25 model 80 stepping 0 microcode 0x0, cx8, cmov, fxsr, ht, mmx, 3dnowpref, sse, sse2, sse3, ssse3, sse4a, sse4.1, sse4.2, popcnt, lzcnt, tsc, tscinvbit, avx, avx2, aes, erms, clmul, bmi1, bmi2, adx, sha, fma, vzeroupper, clflush, clflushopt

Memory: 4k page, system-wide physical 3424M (312M free)
TotalPageFile size 14176M (AvailPageFile size 26M)
current process WorkingSet (physical memory assigned to process): 163M, peak: 166M
current process commit charge ("private bytes"): 211M, peak: 236M

vm_info: OpenJDK 64-Bit Server VM (17.0.7+0-b2043.56-10550314) for windows-amd64 JRE (17.0.7+0-b2043.56-10550314), built on Jul 24 2023 18:27:45 by "androidbuild" with MS VC++ 16.10 / 16.11 (VS2019)

END.
